PRISM
=====

Version: 4.9
Date: Wed Nov 19 05:21:20 UTC 2025
Hostname: codespaces-1eed51
Memory limits: cudd=1g, java(heap)=3g
Command line: prism /workspaces/csp2prism/out/prism_code/coap_eap_rewrite.pm /workspaces/csp2prism/paper/prism_props_rewrite.pctl -const 'p_flip=0.02,p_loss=0.04'

Parsing PRISM model file "/workspaces/csp2prism/out/prism_code/coap_eap_rewrite.pm"...

Type:        MDP
Modules:     Device ServerAAA Channel
Variables:   chan auth_ok attack_ok bytes msgs loss_seen replay_risk s t c
Labels:      "auth_success" "attack_success" "message_loss" "replay_vulnerable"
Rewards:     "bytes" "messages"

Parsing properties file "/workspaces/csp2prism/paper/prism_props_rewrite.pctl"...

10 properties:
(1) Pmin=? [ F "auth_success" ]
(2) Pmax=? [ F "auth_success" ]
(3) Pmin=? [ F "message_loss" ]
(4) Pmax=? [ F "message_loss" ]
(5) Pmin=? [ F "replay_vulnerable" ]
(6) Pmax=? [ F "replay_vulnerable" ]
(7) R{"bytes"}min=? [ F "auth_success" ]
(8) R{"bytes"}max=? [ F "auth_success" ]
(9) R{"messages"}min=? [ F "auth_success" ]
(10) R{"messages"}max=? [ F "auth_success" ]

---------------------------------------------------------------------

Model checking: Pmin=? [ F "auth_success" ]
Model constants: p_flip=0.02,p_loss=0.04

Building model (engine:symbolic)...
Model constants: p_flip=0.02,p_loss=0.04

Error: Probabilities in command 1 of module "Device" sum to less than one (e.g. 0.0) for some states. Perhaps some of the updates give out-of-range values. One possible solution is to strengthen the guard (line 39, column 3).

