nohup: ignoring input
======================================================================
PAT2PRISM - Process Analysis Toolkit to PRISM Converter
======================================================================
Server starting at: http://localhost:5000
Network access at:  http://0.0.0.0:5000

Features:
  • Visual code editor with dual-pane layout
  • Automatic message field extraction
  • PAT code cleaning and normalization
  • Real-time syntax validation

Press Ctrl+C to stop the server
======================================================================
 * Serving Flask app 'app'
 * Debug mode: on
WARNING: This is a development server. Do not use it in a production deployment. Use a production WSGI server instead.
 * Running on all addresses (0.0.0.0)
 * Running on http://127.0.0.1:5000
 * Running on http://10.0.11.185:5000
Press CTRL+C to quit
 * Restarting with stat
 * Debugger is active!
 * Debugger PIN: 121-731-465
127.0.0.1 - - [20/Nov/2025 02:30:21] "GET / HTTP/1.1" 200 -
127.0.0.1 - - [20/Nov/2025 02:30:21] "GET /api/examples HTTP/1.1" 200 -
line 4:5 extraneous input '{' expecting IDENT
line 4:26 missing {'{', '='} at ','
line 21:7 missing {'{', '='} at ';'
line 22:7 missing {'{', '='} at ';'
line 23:7 missing {'{', '='} at ';'
line 24:6 missing {'{', '='} at ';'
line 25:7 missing {'{', '='} at ';'
line 26:8 missing {'{', '='} at ';'
line 27:9 missing {'{', '='} at ';'
line 28:9 missing {'{', '='} at ';'
line 29:12 missing {'{', '='} at ';'
line 49:4 mismatched input '{' expecting ';'
line 50:13 mismatched input '!' expecting '('
line 50:34 mismatched input '->' expecting '('
line 51:13 mismatched input '?' expecting '('
line 51:26 mismatched input '->' expecting '('
line 52:28 mismatched input ',' expecting '('
line 52:33 mismatched input ',' expecting '('
line 52:38 mismatched input ',' expecting '('
line 52:43 missing '(' at ')'
line 52:45 mismatched input '->' expecting '='
line 53:25 mismatched input '=' expecting '('
line 57:4 mismatched input '{' expecting '('
line 58:13 mismatched input '->' expecting '('
line 59:4 mismatched input '}' expecting '='
line 94:4 mismatched input '{' expecting ';'
line 95:26 mismatched input ',' expecting '('
line 95:30 mismatched input ',' expecting '('
line 95:36 mismatched input ',' expecting '('
line 95:42 mismatched input ',' expecting '('
line 95:47 mismatched input ',' expecting '('
line 95:52 missing '(' at ')'
line 95:54 mismatched input '->' expecting '='
line 96:13 mismatched input '!' expecting '('
line 96:32 mismatched input '.' expecting '('
line 96:38 mismatched input '.' expecting '('
line 96:48 mismatched input '->' expecting '('
line 97:13 mismatched input '?' expecting '('
line 97:34 mismatched input '->' expecting '('
line 98:28 mismatched input ',' expecting '('
line 98:33 mismatched input ',' expecting '('
line 98:38 mismatched input ',' expecting '('
line 98:43 missing '(' at ')'
line 98:45 mismatched input '->' expecting '='
line 99:13 mismatched input '!' expecting '('
line 99:25 mismatched input '.' expecting '('
line 99:30 mismatched input '->' expecting '('
line 100:26 mismatched input '=' expecting '('
line 104:4 mismatched input '{' expecting '('
line 105:13 mismatched input '->' expecting '('
line 106:4 mismatched input '}' expecting '='
127.0.0.1 - - [20/Nov/2025 02:31:08] "POST /api/convert HTTP/1.1" 200 -
line 5:153 extraneous input ';' expecting {<EOF>, 'channel', 'var', 'enum', 'assert', IDENT}
line 42:29 mismatched input '{' expecting ';'
line 43:13 mismatched input '!' expecting '('
line 43:34 mismatched input '->' expecting '('
line 44:13 mismatched input '?' expecting '('
line 44:29 mismatched input '.' expecting '('
line 44:33 mismatched input '.' expecting '('
line 44:39 mismatched input '->' expecting '('
line 45:24 mismatched input ',' expecting '('
line 45:30 missing '(' at ')'
line 45:32 mismatched input '->' expecting '='
line 46:23 mismatched input '==' expecting ')'
line 47:17 mismatched input '!' expecting '('
line 47:27 mismatched input '->' expecting '('
line 48:32 mismatched input ',' expecting '('
line 48:37 mismatched input ',' expecting '('
line 48:42 mismatched input ',' expecting '('
line 48:47 mismatched input ',' expecting '('
line 48:52 missing '(' at ')'
line 48:54 mismatched input '->' expecting '='
line 49:29 mismatched input '=' expecting '('
line 51:15 mismatched input '{' expecting '('
line 51:22 mismatched input '->' expecting '('
line 51:39 mismatched input '}' expecting '='
line 52:11 mismatched input '{' expecting '('
line 52:18 mismatched input '->' expecting '('
line 52:35 mismatched input '}' expecting '='
line 83:29 mismatched input '{' expecting ';'
line 84:26 mismatched input ',' expecting '('
line 84:30 mismatched input ',' expecting '('
line 84:36 mismatched input ',' expecting '('
line 84:42 mismatched input ',' expecting '('
line 84:47 mismatched input ',' expecting '('
line 84:52 missing '(' at ')'
line 84:54 mismatched input '->' expecting '='
line 85:13 mismatched input '!' expecting '('
line 85:32 mismatched input '.' expecting '('
line 85:38 mismatched input '.' expecting '('
line 85:48 mismatched input '->' expecting '('
line 86:13 mismatched input '?' expecting '('
line 86:34 mismatched input '->' expecting '('
line 87:28 mismatched input ',' expecting '('
line 87:33 mismatched input ',' expecting '('
line 87:38 mismatched input ',' expecting '('
line 87:43 mismatched input ',' expecting '('
line 88:13 mismatched input '!' expecting '('
line 88:25 mismatched input '.' expecting '('
line 88:30 mismatched input '->' expecting '('
line 89:26 mismatched input '=' expecting '('
line 91:11 mismatched input '{' expecting '('
line 91:18 mismatched input '->' expecting '('
line 91:34 mismatched input '}' expecting '='
127.0.0.1 - - [20/Nov/2025 02:32:13] "POST /api/convert HTTP/1.1" 200 -
line 37:29 mismatched input '{' expecting ';'
line 38:13 mismatched input '!' expecting '('
line 38:34 mismatched input '->' expecting '('
line 39:13 mismatched input '?' expecting '('
line 39:29 mismatched input '.' expecting '('
line 39:33 mismatched input '.' expecting '('
line 39:39 mismatched input '->' expecting '('
line 40:24 mismatched input ',' expecting '('
line 40:30 missing '(' at ')'
line 40:32 mismatched input '->' expecting '='
line 41:23 mismatched input '==' expecting ')'
line 42:17 mismatched input '!' expecting '('
line 42:27 mismatched input '->' expecting '('
line 43:32 mismatched input ',' expecting '('
line 43:37 mismatched input ',' expecting '('
line 43:42 mismatched input ',' expecting '('
line 43:47 mismatched input ',' expecting '('
line 43:52 missing '(' at ')'
line 43:54 mismatched input '->' expecting '='
line 44:29 mismatched input '=' expecting '('
line 46:15 mismatched input '{' expecting '('
line 46:22 mismatched input '->' expecting '('
line 46:39 mismatched input '}' expecting '='
line 47:11 mismatched input '{' expecting '('
line 47:18 mismatched input '->' expecting '('
line 47:35 mismatched input '}' expecting '='
line 76:29 mismatched input 'call' expecting ';'
line 76:47 mismatched input ',' expecting '('
line 76:51 mismatched input ',' expecting '('
line 76:57 mismatched input ',' expecting '('
line 76:63 mismatched input ',' expecting '('
line 76:68 mismatched input ',' expecting '('
line 76:73 missing '(' at ')'
line 76:75 mismatched input '->' expecting '='
line 77:13 mismatched input '!' expecting '('
line 77:32 mismatched input '.' expecting '('
line 77:38 mismatched input '.' expecting '('
line 77:48 mismatched input '->' expecting '('
line 78:13 mismatched input '?' expecting '('
line 78:34 mismatched input '->' expecting '('
line 79:28 mismatched input ',' expecting '('
line 79:33 mismatched input ',' expecting '('
line 79:38 mismatched input ',' expecting '('
line 79:43 mismatched input ',' expecting '('
line 80:13 mismatched input '!' expecting '('
line 80:25 mismatched input '.' expecting '('
line 80:30 mismatched input '->' expecting '('
line 81:26 mismatched input '=' expecting '('
line 82:20 mismatched input '{' expecting '('
line 82:27 mismatched input '->' expecting '('
line 82:43 mismatched input '}' expecting '='
127.0.0.1 - - [20/Nov/2025 02:47:15] "POST /api/convert HTTP/1.1" 200 -
line 37:29 mismatched input '{' expecting ';'
line 38:13 mismatched input '!' expecting '('
line 38:34 mismatched input '->' expecting '('
line 39:13 mismatched input '?' expecting '('
line 39:29 mismatched input '.' expecting '('
line 39:33 mismatched input '.' expecting '('
line 39:39 mismatched input '->' expecting '('
line 40:24 mismatched input ',' expecting '('
line 40:30 missing '(' at ')'
line 40:32 mismatched input '->' expecting '='
line 41:23 mismatched input '==' expecting ')'
line 42:17 mismatched input '!' expecting '('
line 42:27 mismatched input '->' expecting '('
line 43:32 mismatched input ',' expecting '('
line 43:37 mismatched input ',' expecting '('
line 43:42 mismatched input ',' expecting '('
line 43:47 mismatched input ',' expecting '('
line 43:52 missing '(' at ')'
line 43:54 mismatched input '->' expecting '='
line 44:29 mismatched input '=' expecting '('
line 46:15 mismatched input '{' expecting '('
line 46:22 mismatched input '->' expecting '('
line 46:39 mismatched input '}' expecting '='
line 47:11 mismatched input '{' expecting '('
line 47:18 mismatched input '->' expecting '('
line 47:35 mismatched input '}' expecting '='
line 76:29 mismatched input 'call' expecting ';'
line 76:47 mismatched input ',' expecting '('
line 76:51 mismatched input ',' expecting '('
line 76:57 mismatched input ',' expecting '('
line 76:63 mismatched input ',' expecting '('
line 76:68 mismatched input ',' expecting '('
line 76:73 missing '(' at ')'
line 76:75 mismatched input '->' expecting '='
line 77:13 mismatched input '!' expecting '('
line 77:32 mismatched input '.' expecting '('
line 77:38 mismatched input '.' expecting '('
line 77:48 mismatched input '->' expecting '('
line 78:13 mismatched input '?' expecting '('
line 78:34 mismatched input '->' expecting '('
line 79:28 mismatched input ',' expecting '('
line 79:33 mismatched input ',' expecting '('
line 79:38 mismatched input ',' expecting '('
line 79:43 mismatched input ',' expecting '('
line 80:13 mismatched input '!' expecting '('
line 80:25 mismatched input '.' expecting '('
line 80:30 mismatched input '->' expecting '('
line 81:26 mismatched input '=' expecting '('
line 82:20 mismatched input '{' expecting '('
line 82:27 mismatched input '->' expecting '('
line 82:43 mismatched input '}' expecting '='
127.0.0.1 - - [20/Nov/2025 02:47:16] "POST /api/convert HTTP/1.1" 200 -
line 5:5 extraneous input '{' expecting IDENT
line 5:27 missing {'{', '='} at ','
line 9:7 missing {'{', '='} at ';'
line 10:8 missing {'{', '='} at ';'
line 11:8 missing {'{', '='} at ';'
line 12:12 missing {'{', '='} at ';'
line 13:20 missing {'{', '='} at ';'
line 14:28 missing {'{', '='} at ';'
line 15:21 missing {'{', '='} at ';'
line 16:15 missing {'{', '='} at ';'
line 17:15 missing {'{', '='} at ';'
line 18:14 missing {'{', '='} at ';'
line 19:7 missing {'{', '='} at '['
line 20:7 missing {'{', '='} at '['
line 21:7 missing {'{', '='} at '['
line 22:6 missing {'{', '='} at ';'
line 23:7 missing {'{', '='} at ';'
line 24:8 missing {'{', '='} at ';'
line 25:9 missing {'{', '='} at ';'
line 26:9 missing {'{', '='} at ';'
line 27:12 missing {'{', '='} at ';'
line 28:8 missing {'{', '='} at ';'
line 29:17 missing {'{', '='} at ';'
line 33:16 no viable alternative at input '{{PSK=1234;'
line 33:10 mismatched input '=' expecting '('
line 33:23 mismatched input '=' expecting '('
line 33:33 mismatched input '=' expecting '('
line 33:47 mismatched input '=' expecting '('
line 34:23 mismatched input '=' expecting '('
line 34:40 mismatched input '=' expecting '('
line 34:56 mismatched input '=' expecting '('
line 36:9 mismatched input '!' expecting '('
line 36:31 mismatched input ';' expecting '('
line 38:9 mismatched input '?' expecting '('
line 38:28 mismatched input ';' expecting '('
line 39:10 mismatched input '=' expecting '('
line 39:15 mismatched input '[' expecting '('
line 41:9 mismatched input '?' expecting '('
line 41:29 mismatched input ';' expecting '('
line 42:18 mismatched input '=' expecting '('
line 42:40 mismatched input '=' expecting '('
line 44:9 mismatched input '!' expecting '('
line 44:28 mismatched input ';' expecting '('
line 46:9 mismatched input '?' expecting '('
line 46:29 mismatched input ';' expecting '('
line 47:17 mismatched input '=' expecting '('
line 47:39 mismatched input '=' expecting '('
line 51:34 no viable alternative at input '{{auth_complete_Controller=0;'
line 51:31 mismatched input '=' expecting '('
line 51:48 mismatched input '=' expecting '('
line 52:9 mismatched input '?' expecting '('
line 52:31 mismatched input ';' expecting '('
line 53:9 mismatched input '!' expecting '('
line 53:28 mismatched input ';' expecting '('
line 54:12 mismatched input '=' expecting '('
line 54:17 mismatched input '[' expecting '('
line 54:47 mismatched input '=' expecting '('
line 55:9 mismatched input '?' expecting '('
line 55:29 mismatched input ';' expecting '('
line 56:16 mismatched input '=' expecting '('
line 57:9 mismatched input '!' expecting '('
line 57:28 mismatched input ';' expecting '('
line 58:9 mismatched input '?' expecting '('
line 58:29 mismatched input ';' expecting '('
line 59:29 mismatched input '=' expecting '('
line 64:4 no viable alternative at input '{auth_complete_AAA=0ComCA'
line 63:22 mismatched input '=' expecting '('
line 64:9 mismatched input '?' expecting '('
line 64:28 mismatched input ';' expecting '('
line 65:9 mismatched input '!' expecting '('
line 65:29 mismatched input ';' expecting '('
line 66:22 mismatched input '=' expecting '('
line 67:9 mismatched input '?' expecting '('
line 67:28 mismatched input ';' expecting '('
line 68:9 mismatched input '!' expecting '('
line 68:29 mismatched input ';' expecting '('
127.0.0.1 - - [20/Nov/2025 02:47:19] "POST /api/convert HTTP/1.1" 200 -
127.0.0.1 - - [20/Nov/2025 02:48:19] "POST /api/clean HTTP/1.1" 200 -
line 4:5 extraneous input '{' expecting IDENT
line 4:26 missing {'{', '='} at ','
line 21:7 missing {'{', '='} at ';'
line 22:7 missing {'{', '='} at ';'
line 23:7 missing {'{', '='} at ';'
line 24:6 missing {'{', '='} at ';'
line 25:7 missing {'{', '='} at ';'
line 26:8 missing {'{', '='} at ';'
line 27:9 missing {'{', '='} at ';'
line 28:9 missing {'{', '='} at ';'
line 29:12 missing {'{', '='} at ';'
line 49:4 mismatched input '{' expecting ';'
line 50:13 mismatched input '!' expecting '('
line 50:34 mismatched input '->' expecting '('
line 51:13 mismatched input '?' expecting '('
line 51:26 mismatched input '->' expecting '('
line 52:28 mismatched input ',' expecting '('
line 52:33 mismatched input ',' expecting '('
line 52:38 mismatched input ',' expecting '('
line 52:43 missing '(' at ')'
line 52:45 mismatched input '->' expecting '='
line 53:25 mismatched input '=' expecting '('
line 57:4 mismatched input '{' expecting '('
line 58:13 mismatched input '->' expecting '('
line 59:4 mismatched input '}' expecting '='
line 94:4 mismatched input '{' expecting ';'
line 95:26 mismatched input ',' expecting '('
line 95:30 mismatched input ',' expecting '('
line 95:36 mismatched input ',' expecting '('
line 95:42 mismatched input ',' expecting '('
line 95:47 mismatched input ',' expecting '('
line 95:52 missing '(' at ')'
line 95:54 mismatched input '->' expecting '='
line 96:13 mismatched input '!' expecting '('
line 96:32 mismatched input '.' expecting '('
line 96:38 mismatched input '.' expecting '('
line 96:48 mismatched input '->' expecting '('
line 97:13 mismatched input '?' expecting '('
line 97:34 mismatched input '->' expecting '('
line 98:28 mismatched input ',' expecting '('
line 98:33 mismatched input ',' expecting '('
line 98:38 mismatched input ',' expecting '('
line 98:43 missing '(' at ')'
line 98:45 mismatched input '->' expecting '='
line 99:13 mismatched input '!' expecting '('
line 99:25 mismatched input '.' expecting '('
line 99:30 mismatched input '->' expecting '('
line 100:26 mismatched input '=' expecting '('
line 104:4 mismatched input '{' expecting '('
line 105:13 mismatched input '->' expecting '('
line 106:4 mismatched input '}' expecting '='
127.0.0.1 - - [20/Nov/2025 02:48:20] "POST /api/convert HTTP/1.1" 200 -
127.0.0.1 - - [20/Nov/2025 02:48:35] "POST /api/clean HTTP/1.1" 200 -
line 6:5 extraneous input '{' expecting IDENT
line 6:9 missing {'{', '='} at '}'
line 7:5 extraneous input '{' expecting IDENT
line 7:12 missing {'{', '='} at ','
line 21:11 missing {'{', '='} at ';'
line 22:11 missing {'{', '='} at ';'
line 23:7 missing {'{', '='} at ';'
line 24:7 missing {'{', '='} at ';'
line 25:7 missing {'{', '='} at ';'
line 26:7 missing {'{', '='} at ';'
line 27:6 missing {'{', '='} at ';'
line 28:8 missing {'{', '='} at ';'
line 29:8 missing {'{', '='} at ';'
line 30:15 missing {'{', '='} at '['
line 38:0 mismatched input '{' expecting ';'
line 39:13 mismatched input ',' expecting '('
line 39:17 mismatched input ',' expecting '('
line 40:14 mismatched input ',' expecting '('
line 40:18 mismatched input ',' expecting '('
line 40:22 mismatched input ',' expecting '('
line 40:30 mismatched input ',' expecting '('
line 40:33 missing '(' at ')'
line 40:34 mismatched input '->' expecting '='
line 41:18 mismatched input ',' expecting '('
line 41:22 mismatched input ',' expecting '('
line 41:26 mismatched input ',' expecting '('
line 41:34 mismatched input ',' expecting '('
line 41:37 missing '(' at ')'
line 41:38 mismatched input '->' expecting '='
line 42:6 mismatched input '!' expecting '('
line 42:14 mismatched input '.' expecting '('
line 42:19 mismatched input '->' expecting '('
line 43:6 mismatched input '?' expecting '('
line 43:10 mismatched input '->' expecting '('
line 44:27 mismatched input '->' expecting '='
line 47:0 mismatched input '{' expecting '('
line 48:5 mismatched input '->' expecting '('
line 49:0 mismatched input '}' expecting '='
line 51:21 mismatched input ',' expecting '('
line 52:5 mismatched input '!' expecting '('
line 52:9 mismatched input '->' expecting '('
line 53:5 mismatched input '?' expecting '('
line 53:20 mismatched input '->' expecting '('
line 54:13 mismatched input ',' expecting '('
line 54:17 mismatched input ',' expecting '('
line 54:21 missing '(' at ')'
line 54:22 mismatched input '->' expecting '='
line 55:17 mismatched input ',' expecting '('
line 55:21 missing '(' at ')'
line 55:22 mismatched input '->' expecting '='
line 56:14 mismatched input '==' expecting ')'
line 58:13 mismatched input ',' expecting '('
line 58:17 mismatched input ',' expecting '('
line 59:14 mismatched input ',' expecting '('
line 59:18 mismatched input ',' expecting '('
line 59:22 mismatched input ',' expecting '('
line 59:30 mismatched input ',' expecting '('
line 59:33 missing '(' at ')'
line 59:34 mismatched input '->' expecting '='
line 60:18 mismatched input ',' expecting '('
line 60:22 mismatched input ',' expecting '('
line 60:26 mismatched input ',' expecting '('
line 60:34 mismatched input ',' expecting '('
line 60:37 missing '(' at ')'
line 60:38 mismatched input '->' expecting '='
line 61:6 mismatched input '!' expecting '('
line 61:14 mismatched input '.' expecting '('
line 61:19 mismatched input '->' expecting '('
line 62:6 mismatched input '?' expecting '('
line 62:10 mismatched input '->' expecting '('
line 63:17 mismatched input ',' expecting '('
line 63:21 missing '(' at ')'
line 63:22 mismatched input '->' expecting '='
line 64:16 mismatched input '==' expecting ')'
line 66:18 mismatched input '=' expecting '('
line 70:1 mismatched input '{' expecting '('
line 71:6 mismatched input '->' expecting '('
line 72:1 mismatched input '}' expecting '='
line 75:0 mismatched input '{' expecting '('
line 76:5 mismatched input '->' expecting '('
line 77:0 missing '=' at 'Controller'
line 77:13 mismatched input '=' expecting ';'
line 78:5 mismatched input '?' expecting '('
line 78:9 mismatched input '->' expecting '('
line 79:5 mismatched input '!' expecting '('
line 79:9 mismatched input '->' expecting '('
line 80:5 mismatched input '?' expecting '('
line 80:20 mismatched input '->' expecting '('
line 81:5 mismatched input '!' expecting '('
line 81:20 mismatched input '->' expecting '('
line 82:5 mismatched input '?' expecting '('
line 82:20 mismatched input '.' expecting '('
line 82:30 mismatched input '->' expecting '('
line 83:5 mismatched input '!' expecting '('
line 83:20 mismatched input '.' expecting '('
line 83:30 mismatched input '->' expecting '('
line 84:5 mismatched input '?' expecting '('
line 84:9 mismatched input '->' expecting '('
line 85:5 mismatched input '!' expecting '('
line 85:9 mismatched input '->' expecting '('
line 86:4 mismatched input '->' expecting '('
line 87:0 mismatched input '[]' expecting '='
line 88:5 mismatched input '?' expecting '('
line 88:9 mismatched input '->' expecting '('
line 89:5 mismatched input '!' expecting '('
line 89:9 mismatched input '->' expecting '('
line 90:5 mismatched input '?' expecting '('
line 90:20 mismatched input '->' expecting '('
line 91:5 mismatched input '!' expecting '('
line 91:20 mismatched input '->' expecting '('
line 92:5 mismatched input '?' expecting '('
line 92:20 mismatched input '.' expecting '('
line 92:30 mismatched input '->' expecting '('
line 93:5 mismatched input '!' expecting '('
line 93:20 mismatched input '.' expecting '('
line 93:30 mismatched input '->' expecting '('
line 94:5 mismatched input '?' expecting '('
line 94:9 mismatched input '->' expecting '('
line 95:5 mismatched input '!' expecting '('
line 95:9 mismatched input '->' expecting '('
line 108:0 mismatched input '{' expecting ';'
line 109:6 mismatched input '!' expecting '('
line 109:10 mismatched input '->' expecting '('
line 112:0 mismatched input '}' expecting '='
line 114:0 mismatched input '{' expecting '('
line 114:5 mismatched input '->' expecting '('
line 115:0 mismatched input '}' expecting '='
line 117:5 mismatched input '?' expecting '('
line 117:9 mismatched input '->' expecting '('
line 118:13 mismatched input ',' expecting '('
line 118:17 mismatched input ',' expecting '('
line 118:21 missing '(' at ')'
line 118:22 mismatched input '->' expecting '='
line 119:21 mismatched input ',' expecting '('
line 120:23 mismatched input ',' expecting '('
line 121:12 mismatched input ',' expecting '('
line 121:16 mismatched input ',' expecting '('
line 121:24 mismatched input ',' expecting '('
line 121:27 mismatched input ',' expecting '('
line 122:5 mismatched input '!' expecting '('
line 122:20 mismatched input '->' expecting '('
line 123:5 mismatched input '?' expecting '('
line 123:19 mismatched input '.' expecting '('
line 123:29 mismatched input '->' expecting '('
line 124:13 mismatched input ',' expecting '('
line 124:17 mismatched input ',' expecting '('
line 124:21 mismatched input ',' expecting '('
line 124:29 mismatched input ',' expecting '('
line 124:32 missing '(' at ')'
line 124:33 mismatched input '->' expecting '='
line 125:17 mismatched input ',' expecting '('
line 125:21 mismatched input ',' expecting '('
line 125:25 mismatched input ',' expecting '('
line 125:33 mismatched input ',' expecting '('
line 125:36 missing '(' at ')'
line 125:37 mismatched input '->' expecting '='
line 126:7 mismatched input '==' expecting ')'
line 126:13 missing '(' at ')'
line 127:0 missing '=' at '{'
line 127:6 mismatched input '!' expecting '('
line 127:10 mismatched input '->' expecting '('
line 128:0 mismatched input '}' expecting '='
line 130:0 mismatched input '{' expecting '('
line 130:5 mismatched input '->' expecting '('
line 131:0 mismatched input '}' expecting '='
127.0.0.1 - - [20/Nov/2025 02:48:35] "POST /api/convert HTTP/1.1" 200 -
